{"C:\\Users\\Юля\\Desktop\\space\\fullstack\\test-admin\\server\\index.js": {"path":"C:\\Users\\Юля\\Desktop\\space\\fullstack\\test-admin\\server\\index.js","statementMap":{"0":{"start":{"line":1,"column":0},"end":{"line":1,"column":49}},"1":{"start":{"line":2,"column":0},"end":{"line":2,"column":49}},"2":{"start":{"line":4,"column":16},"end":{"line":4,"column":34}},"3":{"start":{"line":5,"column":17},"end":{"line":5,"column":36}},"4":{"start":{"line":7,"column":15},"end":{"line":7,"column":42}},"5":{"start":{"line":9,"column":13},"end":{"line":9,"column":17}},"6":{"start":{"line":11,"column":12},"end":{"line":11,"column":21}},"7":{"start":{"line":13,"column":0},"end":{"line":13,"column":43}},"8":{"start":{"line":14,"column":0},"end":{"line":14,"column":59}},"9":{"start":{"line":14,"column":31},"end":{"line":14,"column":57}},"10":{"start":{"line":15,"column":0},"end":{"line":15,"column":21}},"11":{"start":{"line":16,"column":14},"end":{"line":27,"column":1}},"12":{"start":{"line":17,"column":2},"end":{"line":26,"column":3}},"13":{"start":{"line":18,"column":4},"end":{"line":20,"column":6}},"14":{"start":{"line":21,"column":4},"end":{"line":23,"column":5}},"15":{"start":{"line":22,"column":6},"end":{"line":22,"column":77}},"16":{"start":{"line":22,"column":29},"end":{"line":22,"column":75}},"17":{"start":{"line":25,"column":4},"end":{"line":25,"column":19}},"18":{"start":{"line":28,"column":0},"end":{"line":28,"column":8}},"19":{"start":{"line":30,"column":0},"end":{"line":30,"column":25}}},"fnMap":{"0":{"name":"(anonymous_0)","decl":{"start":{"line":14,"column":17},"end":{"line":14,"column":18}},"loc":{"start":{"line":14,"column":31},"end":{"line":14,"column":57}},"line":14},"1":{"name":"(anonymous_1)","decl":{"start":{"line":16,"column":14},"end":{"line":16,"column":15}},"loc":{"start":{"line":16,"column":26},"end":{"line":27,"column":1}},"line":16},"2":{"name":"(anonymous_2)","decl":{"start":{"line":22,"column":23},"end":{"line":22,"column":24}},"loc":{"start":{"line":22,"column":29},"end":{"line":22,"column":75}},"line":22}},"branchMap":{"0":{"loc":{"start":{"line":21,"column":4},"end":{"line":23,"column":5}},"type":"if","locations":[{"start":{"line":21,"column":4},"end":{"line":23,"column":5}},{"start":{},"end":{}}],"line":21}},"s":{"0":6,"1":6,"2":6,"3":6,"4":6,"5":6,"6":6,"7":6,"8":6,"9":0,"10":6,"11":6,"12":6,"13":6,"14":4,"15":0,"16":0,"17":0,"18":6,"19":6},"f":{"0":0,"1":6,"2":0},"b":{"0":[0,4]},"_coverageSchema":"1a1c01bbd47fc00a2c39e90264f33305004495a9","hash":"c871a5a2bd8fa9c4cfee34a927f600b5e1b0a564"}
,"C:\\Users\\Юля\\Desktop\\space\\fullstack\\test-admin\\server\\models\\User.js": {"path":"C:\\Users\\Юля\\Desktop\\space\\fullstack\\test-admin\\server\\models\\User.js","statementMap":{"0":{"start":{"line":1,"column":0},"end":{"line":1,"column":49}},"1":{"start":{"line":2,"column":0},"end":{"line":2,"column":49}},"2":{"start":{"line":4,"column":26},"end":{"line":4,"column":45}},"3":{"start":{"line":6,"column":13},"end":{"line":12,"column":2}},"4":{"start":{"line":14,"column":0},"end":{"line":14,"column":37}}},"fnMap":{},"branchMap":{},"s":{"0":6,"1":6,"2":6,"3":6,"4":6},"f":{},"b":{},"_coverageSchema":"1a1c01bbd47fc00a2c39e90264f33305004495a9","hash":"d1de977c378e743a9abf0ed230a81bca5f692c31"}
,"C:\\Users\\Юля\\Desktop\\space\\fullstack\\test-admin\\server\\routers\\router.js": {"path":"C:\\Users\\Юля\\Desktop\\space\\fullstack\\test-admin\\server\\routers\\router.js","statementMap":{"0":{"start":{"line":2,"column":19},"end":{"line":2,"column":37}},"1":{"start":{"line":3,"column":15},"end":{"line":3,"column":23}},"2":{"start":{"line":5,"column":13},"end":{"line":5,"column":38}},"3":{"start":{"line":8,"column":0},"end":{"line":24,"column":3}},"4":{"start":{"line":9,"column":45},"end":{"line":9,"column":53}},"5":{"start":{"line":11,"column":15},"end":{"line":17,"column":4}},"6":{"start":{"line":19,"column":2},"end":{"line":19,"column":20}},"7":{"start":{"line":21,"column":22},"end":{"line":21,"column":64}},"8":{"start":{"line":23,"column":2},"end":{"line":23,"column":40}},"9":{"start":{"line":28,"column":0},"end":{"line":36,"column":3}},"10":{"start":{"line":29,"column":30},"end":{"line":29,"column":38}},"11":{"start":{"line":31,"column":22},"end":{"line":31,"column":65}},"12":{"start":{"line":33,"column":2},"end":{"line":35,"column":61}},"13":{"start":{"line":40,"column":0},"end":{"line":46,"column":3}},"14":{"start":{"line":41,"column":19},"end":{"line":41,"column":50}},"15":{"start":{"line":43,"column":2},"end":{"line":45,"column":59}},"16":{"start":{"line":50,"column":0},"end":{"line":68,"column":3}},"17":{"start":{"line":51,"column":28},"end":{"line":51,"column":36}},"18":{"start":{"line":52,"column":2},"end":{"line":52,"column":24}},"19":{"start":{"line":53,"column":2},"end":{"line":62,"column":12}},"20":{"start":{"line":64,"column":22},"end":{"line":64,"column":77}},"21":{"start":{"line":65,"column":2},"end":{"line":67,"column":60}},"22":{"start":{"line":72,"column":0},"end":{"line":97,"column":3}},"23":{"start":{"line":73,"column":38},"end":{"line":73,"column":46}},"24":{"start":{"line":75,"column":21},"end":{"line":75,"column":64}},"25":{"start":{"line":76,"column":26},"end":{"line":78,"column":3}},"26":{"start":{"line":77,"column":17},"end":{"line":77,"column":41}},"27":{"start":{"line":79,"column":22},"end":{"line":79,"column":46}},"28":{"start":{"line":80,"column":2},"end":{"line":80,"column":50}},"29":{"start":{"line":82,"column":2},"end":{"line":91,"column":12}},"30":{"start":{"line":93,"column":22},"end":{"line":93,"column":65}},"31":{"start":{"line":94,"column":2},"end":{"line":96,"column":60}},"32":{"start":{"line":101,"column":0},"end":{"line":123,"column":3}},"33":{"start":{"line":102,"column":26},"end":{"line":102,"column":34}},"34":{"start":{"line":104,"column":21},"end":{"line":104,"column":64}},"35":{"start":{"line":106,"column":2},"end":{"line":117,"column":12}},"36":{"start":{"line":111,"column":23},"end":{"line":111,"column":44}},"37":{"start":{"line":119,"column":22},"end":{"line":119,"column":65}},"38":{"start":{"line":120,"column":2},"end":{"line":122,"column":60}},"39":{"start":{"line":127,"column":0},"end":{"line":153,"column":3}},"40":{"start":{"line":128,"column":28},"end":{"line":128,"column":36}},"41":{"start":{"line":130,"column":21},"end":{"line":130,"column":76}},"42":{"start":{"line":132,"column":2},"end":{"line":147,"column":12}},"43":{"start":{"line":149,"column":22},"end":{"line":149,"column":77}},"44":{"start":{"line":150,"column":2},"end":{"line":152,"column":60}},"45":{"start":{"line":156,"column":0},"end":{"line":166,"column":3}},"46":{"start":{"line":157,"column":20},"end":{"line":157,"column":28}},"47":{"start":{"line":159,"column":2},"end":{"line":159,"column":48}},"48":{"start":{"line":161,"column":19},"end":{"line":161,"column":50}},"49":{"start":{"line":163,"column":2},"end":{"line":165,"column":59}},"50":{"start":{"line":168,"column":0},"end":{"line":168,"column":24}}},"fnMap":{"0":{"name":"(anonymous_0)","decl":{"start":{"line":8,"column":29},"end":{"line":8,"column":30}},"loc":{"start":{"line":8,"column":49},"end":{"line":24,"column":1}},"line":8},"1":{"name":"(anonymous_1)","decl":{"start":{"line":28,"column":22},"end":{"line":28,"column":23}},"loc":{"start":{"line":28,"column":42},"end":{"line":36,"column":1}},"line":28},"2":{"name":"(anonymous_2)","decl":{"start":{"line":40,"column":21},"end":{"line":40,"column":22}},"loc":{"start":{"line":40,"column":41},"end":{"line":46,"column":1}},"line":40},"3":{"name":"(anonymous_3)","decl":{"start":{"line":50,"column":31},"end":{"line":50,"column":32}},"loc":{"start":{"line":50,"column":51},"end":{"line":68,"column":1}},"line":50},"4":{"name":"(anonymous_4)","decl":{"start":{"line":72,"column":29},"end":{"line":72,"column":30}},"loc":{"start":{"line":72,"column":49},"end":{"line":97,"column":1}},"line":72},"5":{"name":"(anonymous_5)","decl":{"start":{"line":77,"column":4},"end":{"line":77,"column":5}},"loc":{"start":{"line":77,"column":17},"end":{"line":77,"column":41}},"line":77},"6":{"name":"(anonymous_6)","decl":{"start":{"line":101,"column":32},"end":{"line":101,"column":33}},"loc":{"start":{"line":101,"column":52},"end":{"line":123,"column":1}},"line":101},"7":{"name":"(anonymous_7)","decl":{"start":{"line":111,"column":10},"end":{"line":111,"column":11}},"loc":{"start":{"line":111,"column":23},"end":{"line":111,"column":44}},"line":111},"8":{"name":"(anonymous_8)","decl":{"start":{"line":127,"column":26},"end":{"line":127,"column":27}},"loc":{"start":{"line":127,"column":46},"end":{"line":153,"column":1}},"line":127},"9":{"name":"(anonymous_9)","decl":{"start":{"line":156,"column":29},"end":{"line":156,"column":30}},"loc":{"start":{"line":156,"column":49},"end":{"line":166,"column":1}},"line":156}},"branchMap":{"0":{"loc":{"start":{"line":33,"column":2},"end":{"line":35,"column":60}},"type":"cond-expr","locations":[{"start":{"line":34,"column":6},"end":{"line":34,"column":43}},{"start":{"line":35,"column":6},"end":{"line":35,"column":60}}],"line":33},"1":{"loc":{"start":{"line":33,"column":2},"end":{"line":33,"column":50}},"type":"binary-expr","locations":[{"start":{"line":33,"column":2},"end":{"line":33,"column":13}},{"start":{"line":33,"column":17},"end":{"line":33,"column":50}}],"line":33},"2":{"loc":{"start":{"line":43,"column":2},"end":{"line":45,"column":58}},"type":"cond-expr","locations":[{"start":{"line":44,"column":6},"end":{"line":44,"column":40}},{"start":{"line":45,"column":6},"end":{"line":45,"column":58}}],"line":43},"3":{"loc":{"start":{"line":65,"column":2},"end":{"line":67,"column":59}},"type":"cond-expr","locations":[{"start":{"line":66,"column":6},"end":{"line":66,"column":43}},{"start":{"line":67,"column":6},"end":{"line":67,"column":59}}],"line":65},"4":{"loc":{"start":{"line":94,"column":2},"end":{"line":96,"column":59}},"type":"cond-expr","locations":[{"start":{"line":95,"column":6},"end":{"line":95,"column":43}},{"start":{"line":96,"column":6},"end":{"line":96,"column":59}}],"line":94},"5":{"loc":{"start":{"line":120,"column":2},"end":{"line":122,"column":59}},"type":"cond-expr","locations":[{"start":{"line":121,"column":6},"end":{"line":121,"column":43}},{"start":{"line":122,"column":6},"end":{"line":122,"column":59}}],"line":120},"6":{"loc":{"start":{"line":140,"column":18},"end":{"line":142,"column":19}},"type":"cond-expr","locations":[{"start":{"line":141,"column":12},"end":{"line":141,"column":45}},{"start":{"line":142,"column":12},"end":{"line":142,"column":19}}],"line":140},"7":{"loc":{"start":{"line":150,"column":2},"end":{"line":152,"column":59}},"type":"cond-expr","locations":[{"start":{"line":151,"column":6},"end":{"line":151,"column":43}},{"start":{"line":152,"column":6},"end":{"line":152,"column":59}}],"line":150},"8":{"loc":{"start":{"line":163,"column":2},"end":{"line":165,"column":58}},"type":"cond-expr","locations":[{"start":{"line":164,"column":6},"end":{"line":164,"column":40}},{"start":{"line":165,"column":6},"end":{"line":165,"column":58}}],"line":163}},"s":{"0":6,"1":6,"2":6,"3":6,"4":0,"5":0,"6":0,"7":0,"8":0,"9":6,"10":0,"11":0,"12":0,"13":6,"14":1,"15":1,"16":6,"17":1,"18":1,"19":1,"20":0,"21":0,"22":6,"23":1,"24":1,"25":1,"26":0,"27":0,"28":0,"29":0,"30":0,"31":0,"32":6,"33":1,"34":1,"35":1,"36":0,"37":0,"38":0,"39":6,"40":1,"41":1,"42":0,"43":0,"44":0,"45":6,"46":1,"47":1,"48":1,"49":1,"50":6},"f":{"0":0,"1":0,"2":1,"3":1,"4":1,"5":0,"6":1,"7":0,"8":1,"9":1},"b":{"0":[0,0],"1":[0,0],"2":[1,0],"3":[0,0],"4":[0,0],"5":[0,0],"6":[0,0],"7":[0,0],"8":[1,0]},"_coverageSchema":"1a1c01bbd47fc00a2c39e90264f33305004495a9","hash":"9f2b10f52a4e0f1e06ea342c661b1e5b47ffeaa1"}
}
