TN:
SF:index.js
FN:14,(anonymous_0)
FN:16,(anonymous_1)
FN:22,(anonymous_2)
FNF:3
FNH:1
FNDA:0,(anonymous_0)
FNDA:6,(anonymous_1)
FNDA:0,(anonymous_2)
DA:1,6
DA:2,6
DA:4,6
DA:5,6
DA:7,6
DA:9,6
DA:11,6
DA:13,6
DA:14,6
DA:15,6
DA:16,6
DA:17,6
DA:18,6
DA:21,4
DA:22,0
DA:25,0
DA:28,6
DA:30,6
LF:18
LH:16
BRDA:21,0,0,0
BRDA:21,0,1,4
BRF:2
BRH:1
end_of_record
TN:
SF:models\User.js
FNF:0
FNH:0
DA:1,6
DA:2,6
DA:4,6
DA:6,6
DA:14,6
LF:5
LH:5
BRF:0
BRH:0
end_of_record
TN:
SF:routers\router.js
FN:8,(anonymous_0)
FN:28,(anonymous_1)
FN:40,(anonymous_2)
FN:50,(anonymous_3)
FN:72,(anonymous_4)
FN:77,(anonymous_5)
FN:101,(anonymous_6)
FN:111,(anonymous_7)
FN:127,(anonymous_8)
FN:156,(anonymous_9)
FNF:10
FNH:6
FNDA:0,(anonymous_0)
FNDA:0,(anonymous_1)
FNDA:1,(anonymous_2)
FNDA:1,(anonymous_3)
FNDA:1,(anonymous_4)
FNDA:0,(anonymous_5)
FNDA:1,(anonymous_6)
FNDA:0,(anonymous_7)
FNDA:1,(anonymous_8)
FNDA:1,(anonymous_9)
DA:2,6
DA:3,6
DA:5,6
DA:8,6
DA:9,0
DA:11,0
DA:19,0
DA:21,0
DA:23,0
DA:28,6
DA:29,0
DA:31,0
DA:33,0
DA:40,6
DA:41,1
DA:43,1
DA:50,6
DA:51,1
DA:52,1
DA:53,1
DA:64,0
DA:65,0
DA:72,6
DA:73,1
DA:75,1
DA:76,1
DA:77,0
DA:79,0
DA:80,0
DA:82,0
DA:93,0
DA:94,0
DA:101,6
DA:102,1
DA:104,1
DA:106,1
DA:111,0
DA:119,0
DA:120,0
DA:127,6
DA:128,1
DA:130,1
DA:132,0
DA:149,0
DA:150,0
DA:156,6
DA:157,1
DA:159,1
DA:161,1
DA:163,1
DA:168,6
LF:51
LH:29
BRDA:33,0,0,0
BRDA:33,0,1,0
BRDA:33,1,0,0
BRDA:33,1,1,0
BRDA:43,2,0,1
BRDA:43,2,1,0
BRDA:65,3,0,0
BRDA:65,3,1,0
BRDA:94,4,0,0
BRDA:94,4,1,0
BRDA:120,5,0,0
BRDA:120,5,1,0
BRDA:140,6,0,0
BRDA:140,6,1,0
BRDA:150,7,0,0
BRDA:150,7,1,0
BRDA:163,8,0,1
BRDA:163,8,1,0
BRF:18
BRH:2
end_of_record
