{"C:\\Users\\Юля\\Desktop\\space\\fullstack\\test-admin\\client\\src\\App.js": {"path":"C:\\Users\\Юля\\Desktop\\space\\fullstack\\test-admin\\client\\src\\App.js","statementMap":{"0":{"start":{"line":15,"column":15},"end":{"line":15,"column":49}},"1":{"start":{"line":15,"column":38},"end":{"line":15,"column":48}},"2":{"start":{"line":16,"column":19},"end":{"line":16,"column":32}},"3":{"start":{"line":18,"column":2},"end":{"line":18,"column":30}},"4":{"start":{"line":20,"column":2},"end":{"line":26,"column":13}},"5":{"start":{"line":21,"column":4},"end":{"line":25,"column":8}},"6":{"start":{"line":28,"column":2},"end":{"line":37,"column":9}},"7":{"start":{"line":29,"column":4},"end":{"line":36,"column":5}},"8":{"start":{"line":30,"column":24},"end":{"line":30,"column":64}},"9":{"start":{"line":31,"column":6},"end":{"line":35,"column":11}},"10":{"start":{"line":39,"column":2},"end":{"line":57,"column":4}}},"fnMap":{"0":{"name":"App","decl":{"start":{"line":14,"column":9},"end":{"line":14,"column":12}},"loc":{"start":{"line":14,"column":15},"end":{"line":58,"column":1}},"line":14},"1":{"name":"(anonymous_1)","decl":{"start":{"line":15,"column":27},"end":{"line":15,"column":28}},"loc":{"start":{"line":15,"column":38},"end":{"line":15,"column":48}},"line":15},"2":{"name":"(anonymous_2)","decl":{"start":{"line":18,"column":12},"end":{"line":18,"column":13}},"loc":{"start":{"line":18,"column":18},"end":{"line":18,"column":20}},"line":18},"3":{"name":"(anonymous_3)","decl":{"start":{"line":20,"column":12},"end":{"line":20,"column":13}},"loc":{"start":{"line":20,"column":18},"end":{"line":26,"column":3}},"line":20},"4":{"name":"(anonymous_4)","decl":{"start":{"line":28,"column":12},"end":{"line":28,"column":13}},"loc":{"start":{"line":28,"column":18},"end":{"line":37,"column":3}},"line":28}},"branchMap":{"0":{"loc":{"start":{"line":21,"column":4},"end":{"line":25,"column":7}},"type":"binary-expr","locations":[{"start":{"line":21,"column":4},"end":{"line":21,"column":8}},{"start":{"line":22,"column":6},"end":{"line":25,"column":7}}],"line":21},"1":{"loc":{"start":{"line":29,"column":4},"end":{"line":36,"column":5}},"type":"if","locations":[{"start":{"line":29,"column":4},"end":{"line":36,"column":5}},{"start":{},"end":{}}],"line":29},"2":{"loc":{"start":{"line":31,"column":6},"end":{"line":35,"column":10}},"type":"binary-expr","locations":[{"start":{"line":31,"column":6},"end":{"line":31,"column":64}},{"start":{"line":32,"column":8},"end":{"line":35,"column":10}}],"line":31},"3":{"loc":{"start":{"line":42,"column":9},"end":{"line":42,"column":27}},"type":"binary-expr","locations":[{"start":{"line":42,"column":9},"end":{"line":42,"column":13}},{"start":{"line":42,"column":17},"end":{"line":42,"column":27}}],"line":42}},"s":{"0":0,"1":0,"2":0,"3":0,"4":0,"5":0,"6":0,"7":0,"8":0,"9":0,"10":0},"f":{"0":0,"1":0,"2":0,"3":0,"4":0},"b":{"0":[0,0],"1":[0,0],"2":[0,0],"3":[0,0]}}
,"C:\\Users\\Юля\\Desktop\\space\\fullstack\\test-admin\\client\\src\\index.js": {"path":"C:\\Users\\Юля\\Desktop\\space\\fullstack\\test-admin\\client\\src\\index.js","statementMap":{"0":{"start":{"line":12,"column":14},"end":{"line":18,"column":1}},"1":{"start":{"line":20,"column":0},"end":{"line":27,"column":2}}},"fnMap":{},"branchMap":{"0":{"loc":{"start":{"line":16,"column":4},"end":{"line":16,"column":80}},"type":"binary-expr","locations":[{"start":{"line":16,"column":4},"end":{"line":16,"column":39}},{"start":{"line":16,"column":43},"end":{"line":16,"column":80}}],"line":16}},"s":{"0":0,"1":0},"f":{},"b":{"0":[0,0]}}
,"C:\\Users\\Юля\\Desktop\\space\\fullstack\\test-admin\\client\\src\\thunks.js": {"path":"C:\\Users\\Юля\\Desktop\\space\\fullstack\\test-admin\\client\\src\\thunks.js","statementMap":{"0":{"start":{"line":1,"column":24},"end":{"line":13,"column":1}},"1":{"start":{"line":2,"column":2},"end":{"line":12,"column":4}},"2":{"start":{"line":3,"column":19},"end":{"line":9,"column":6}},"3":{"start":{"line":10,"column":17},"end":{"line":10,"column":36}},"4":{"start":{"line":11,"column":4},"end":{"line":11,"column":68}},"5":{"start":{"line":15,"column":27},"end":{"line":27,"column":1}},"6":{"start":{"line":16,"column":2},"end":{"line":26,"column":4}},"7":{"start":{"line":17,"column":18},"end":{"line":23,"column":6}},"8":{"start":{"line":24,"column":17},"end":{"line":24,"column":35}},"9":{"start":{"line":25,"column":4},"end":{"line":25,"column":68}},"10":{"start":{"line":29,"column":24},"end":{"line":40,"column":1}},"11":{"start":{"line":30,"column":2},"end":{"line":39,"column":4}},"12":{"start":{"line":31,"column":21},"end":{"line":36,"column":6}},"13":{"start":{"line":37,"column":17},"end":{"line":37,"column":38}},"14":{"start":{"line":38,"column":4},"end":{"line":38,"column":61}},"15":{"start":{"line":42,"column":29},"end":{"line":54,"column":1}},"16":{"start":{"line":43,"column":2},"end":{"line":53,"column":4}},"17":{"start":{"line":44,"column":20},"end":{"line":50,"column":6}},"18":{"start":{"line":51,"column":17},"end":{"line":51,"column":37}},"19":{"start":{"line":52,"column":4},"end":{"line":52,"column":68}},"20":{"start":{"line":56,"column":27},"end":{"line":73,"column":1}},"21":{"start":{"line":57,"column":2},"end":{"line":72,"column":4}},"22":{"start":{"line":58,"column":17},"end":{"line":68,"column":6}},"23":{"start":{"line":70,"column":17},"end":{"line":70,"column":34}},"24":{"start":{"line":71,"column":4},"end":{"line":71,"column":68}},"25":{"start":{"line":75,"column":29},"end":{"line":87,"column":1}},"26":{"start":{"line":76,"column":2},"end":{"line":86,"column":4}},"27":{"start":{"line":77,"column":19},"end":{"line":83,"column":6}},"28":{"start":{"line":84,"column":17},"end":{"line":84,"column":36}},"29":{"start":{"line":85,"column":4},"end":{"line":85,"column":68}}},"fnMap":{"0":{"name":"(anonymous_0)","decl":{"start":{"line":1,"column":24},"end":{"line":1,"column":25}},"loc":{"start":{"line":1,"column":44},"end":{"line":13,"column":1}},"line":1},"1":{"name":"(anonymous_1)","decl":{"start":{"line":2,"column":9},"end":{"line":2,"column":10}},"loc":{"start":{"line":2,"column":29},"end":{"line":12,"column":3}},"line":2},"2":{"name":"(anonymous_2)","decl":{"start":{"line":15,"column":27},"end":{"line":15,"column":28}},"loc":{"start":{"line":15,"column":41},"end":{"line":27,"column":1}},"line":15},"3":{"name":"(anonymous_3)","decl":{"start":{"line":16,"column":9},"end":{"line":16,"column":10}},"loc":{"start":{"line":16,"column":29},"end":{"line":26,"column":3}},"line":16},"4":{"name":"(anonymous_4)","decl":{"start":{"line":29,"column":24},"end":{"line":29,"column":25}},"loc":{"start":{"line":29,"column":30},"end":{"line":40,"column":1}},"line":29},"5":{"name":"(anonymous_5)","decl":{"start":{"line":30,"column":9},"end":{"line":30,"column":10}},"loc":{"start":{"line":30,"column":29},"end":{"line":39,"column":3}},"line":30},"6":{"name":"(anonymous_6)","decl":{"start":{"line":42,"column":29},"end":{"line":42,"column":30}},"loc":{"start":{"line":42,"column":45},"end":{"line":54,"column":1}},"line":42},"7":{"name":"(anonymous_7)","decl":{"start":{"line":43,"column":9},"end":{"line":43,"column":10}},"loc":{"start":{"line":43,"column":29},"end":{"line":53,"column":3}},"line":43},"8":{"name":"(anonymous_8)","decl":{"start":{"line":56,"column":27},"end":{"line":56,"column":28}},"loc":{"start":{"line":56,"column":56},"end":{"line":73,"column":1}},"line":56},"9":{"name":"(anonymous_9)","decl":{"start":{"line":57,"column":9},"end":{"line":57,"column":10}},"loc":{"start":{"line":57,"column":29},"end":{"line":72,"column":3}},"line":57},"10":{"name":"(anonymous_10)","decl":{"start":{"line":75,"column":29},"end":{"line":75,"column":30}},"loc":{"start":{"line":75,"column":49},"end":{"line":87,"column":1}},"line":75},"11":{"name":"(anonymous_11)","decl":{"start":{"line":76,"column":9},"end":{"line":76,"column":10}},"loc":{"start":{"line":76,"column":29},"end":{"line":86,"column":3}},"line":76}},"branchMap":{},"s":{"0":5,"1":0,"2":0,"3":0,"4":0,"5":5,"6":0,"7":0,"8":0,"9":0,"10":5,"11":0,"12":0,"13":0,"14":0,"15":5,"16":0,"17":0,"18":0,"19":0,"20":5,"21":0,"22":0,"23":0,"24":0,"25":5,"26":0,"27":0,"28":0,"29":0},"f":{"0":0,"1":0,"2":0,"3":0,"4":0,"5":0,"6":0,"7":0,"8":0,"9":0,"10":0,"11":0},"b":{},"_coverageSchema":"1a1c01bbd47fc00a2c39e90264f33305004495a9","hash":"f8e25f9c743f0cfcc6bba5e3846dcaf43f718252"}
,"C:\\Users\\Юля\\Desktop\\space\\fullstack\\test-admin\\client\\src\\Components\\Create.js": {"path":"C:\\Users\\Юля\\Desktop\\space\\fullstack\\test-admin\\client\\src\\Components\\Create.js","statementMap":{"0":{"start":{"line":8,"column":15},"end":{"line":80,"column":1}},"1":{"start":{"line":9,"column":15},"end":{"line":9,"column":49}},"2":{"start":{"line":9,"column":38},"end":{"line":9,"column":48}},"3":{"start":{"line":10,"column":19},"end":{"line":10,"column":32}},"4":{"start":{"line":12,"column":28},"end":{"line":12,"column":43}},"5":{"start":{"line":13,"column":34},"end":{"line":13,"column":62}},"6":{"start":{"line":15,"column":2},"end":{"line":15,"column":34}},"7":{"start":{"line":17,"column":2},"end":{"line":79,"column":4}},"8":{"start":{"line":28,"column":27},"end":{"line":28,"column":77}},"9":{"start":{"line":38,"column":27},"end":{"line":38,"column":78}},"10":{"start":{"line":49,"column":12},"end":{"line":49,"column":66}},"11":{"start":{"line":56,"column":14},"end":{"line":56,"column":31}},"12":{"start":{"line":57,"column":14},"end":{"line":57,"column":71}},"13":{"start":{"line":65,"column":31},"end":{"line":65,"column":65}}},"fnMap":{"0":{"name":"(anonymous_0)","decl":{"start":{"line":8,"column":15},"end":{"line":8,"column":16}},"loc":{"start":{"line":8,"column":21},"end":{"line":80,"column":1}},"line":8},"1":{"name":"(anonymous_1)","decl":{"start":{"line":9,"column":27},"end":{"line":9,"column":28}},"loc":{"start":{"line":9,"column":38},"end":{"line":9,"column":48}},"line":9},"2":{"name":"(anonymous_2)","decl":{"start":{"line":15,"column":12},"end":{"line":15,"column":13}},"loc":{"start":{"line":15,"column":18},"end":{"line":15,"column":20}},"line":15},"3":{"name":"(anonymous_3)","decl":{"start":{"line":28,"column":20},"end":{"line":28,"column":21}},"loc":{"start":{"line":28,"column":27},"end":{"line":28,"column":77}},"line":28},"4":{"name":"(anonymous_4)","decl":{"start":{"line":38,"column":20},"end":{"line":38,"column":21}},"loc":{"start":{"line":38,"column":27},"end":{"line":38,"column":78}},"line":38},"5":{"name":"(anonymous_5)","decl":{"start":{"line":48,"column":20},"end":{"line":48,"column":21}},"loc":{"start":{"line":49,"column":12},"end":{"line":49,"column":66}},"line":49},"6":{"name":"(anonymous_6)","decl":{"start":{"line":55,"column":21},"end":{"line":55,"column":22}},"loc":{"start":{"line":55,"column":27},"end":{"line":58,"column":13}},"line":55},"7":{"name":"(anonymous_7)","decl":{"start":{"line":65,"column":25},"end":{"line":65,"column":26}},"loc":{"start":{"line":65,"column":31},"end":{"line":65,"column":65}},"line":65}},"branchMap":{"0":{"loc":{"start":{"line":60,"column":13},"end":{"line":60,"column":61}},"type":"binary-expr","locations":[{"start":{"line":60,"column":13},"end":{"line":60,"column":18}},{"start":{"line":60,"column":22},"end":{"line":60,"column":61}}],"line":60},"1":{"loc":{"start":{"line":76,"column":9},"end":{"line":76,"column":44}},"type":"binary-expr","locations":[{"start":{"line":76,"column":9},"end":{"line":76,"column":13}},{"start":{"line":76,"column":17},"end":{"line":76,"column":44}}],"line":76}},"s":{"0":1,"1":3,"2":0,"3":0,"4":0,"5":0,"6":0,"7":0,"8":0,"9":0,"10":0,"11":0,"12":0,"13":0},"f":{"0":3,"1":0,"2":0,"3":0,"4":0,"5":0,"6":0,"7":0},"b":{"0":[0,0],"1":[0,0]},"_coverageSchema":"1a1c01bbd47fc00a2c39e90264f33305004495a9","hash":"12067ab3724e5120581d27107e71cfbaaaa9292f"}
,"C:\\Users\\Юля\\Desktop\\space\\fullstack\\test-admin\\client\\src\\Components\\Dashboard.js": {"path":"C:\\Users\\Юля\\Desktop\\space\\fullstack\\test-admin\\client\\src\\Components\\Dashboard.js","statementMap":{"0":{"start":{"line":6,"column":18},"end":{"line":49,"column":1}},"1":{"start":{"line":7,"column":16},"end":{"line":7,"column":51}},"2":{"start":{"line":7,"column":39},"end":{"line":7,"column":50}},"3":{"start":{"line":8,"column":15},"end":{"line":8,"column":49}},"4":{"start":{"line":8,"column":38},"end":{"line":8,"column":48}},"5":{"start":{"line":10,"column":24},"end":{"line":12,"column":13}},"6":{"start":{"line":11,"column":4},"end":{"line":11,"column":73}},"7":{"start":{"line":11,"column":40},"end":{"line":11,"column":67}},"8":{"start":{"line":14,"column":26},"end":{"line":25,"column":13}},"9":{"start":{"line":15,"column":4},"end":{"line":24,"column":6}},"10":{"start":{"line":17,"column":9},"end":{"line":22,"column":16}},"11":{"start":{"line":19,"column":12},"end":{"line":21,"column":14}},"12":{"start":{"line":27,"column":2},"end":{"line":48,"column":4}}},"fnMap":{"0":{"name":"(anonymous_0)","decl":{"start":{"line":6,"column":18},"end":{"line":6,"column":19}},"loc":{"start":{"line":6,"column":24},"end":{"line":49,"column":1}},"line":6},"1":{"name":"(anonymous_1)","decl":{"start":{"line":7,"column":28},"end":{"line":7,"column":29}},"loc":{"start":{"line":7,"column":39},"end":{"line":7,"column":50}},"line":7},"2":{"name":"(anonymous_2)","decl":{"start":{"line":8,"column":27},"end":{"line":8,"column":28}},"loc":{"start":{"line":8,"column":38},"end":{"line":8,"column":48}},"line":8},"3":{"name":"(anonymous_3)","decl":{"start":{"line":10,"column":36},"end":{"line":10,"column":37}},"loc":{"start":{"line":10,"column":42},"end":{"line":12,"column":3}},"line":10},"4":{"name":"(anonymous_4)","decl":{"start":{"line":11,"column":24},"end":{"line":11,"column":25}},"loc":{"start":{"line":11,"column":40},"end":{"line":11,"column":67}},"line":11},"5":{"name":"(anonymous_5)","decl":{"start":{"line":14,"column":38},"end":{"line":14,"column":39}},"loc":{"start":{"line":14,"column":44},"end":{"line":25,"column":3}},"line":14},"6":{"name":"(anonymous_6)","decl":{"start":{"line":16,"column":6},"end":{"line":16,"column":7}},"loc":{"start":{"line":17,"column":9},"end":{"line":22,"column":16}},"line":17},"7":{"name":"(anonymous_7)","decl":{"start":{"line":18,"column":10},"end":{"line":18,"column":11}},"loc":{"start":{"line":19,"column":12},"end":{"line":21,"column":14}},"line":19}},"branchMap":{"0":{"loc":{"start":{"line":30,"column":7},"end":{"line":45,"column":7}},"type":"binary-expr","locations":[{"start":{"line":30,"column":7},"end":{"line":30,"column":12}},{"start":{"line":31,"column":8},"end":{"line":44,"column":14}}],"line":30},"1":{"loc":{"start":{"line":38,"column":17},"end":{"line":38,"column":41}},"type":"binary-expr","locations":[{"start":{"line":38,"column":17},"end":{"line":38,"column":22}},{"start":{"line":38,"column":26},"end":{"line":38,"column":41}}],"line":38},"2":{"loc":{"start":{"line":42,"column":17},"end":{"line":42,"column":43}},"type":"binary-expr","locations":[{"start":{"line":42,"column":17},"end":{"line":42,"column":22}},{"start":{"line":42,"column":26},"end":{"line":42,"column":43}}],"line":42},"3":{"loc":{"start":{"line":46,"column":7},"end":{"line":46,"column":40}},"type":"binary-expr","locations":[{"start":{"line":46,"column":7},"end":{"line":46,"column":12}},{"start":{"line":46,"column":16},"end":{"line":46,"column":40}}],"line":46}},"s":{"0":1,"1":3,"2":0,"3":0,"4":0,"5":0,"6":0,"7":0,"8":0,"9":0,"10":0,"11":0,"12":0},"f":{"0":3,"1":0,"2":0,"3":0,"4":0,"5":0,"6":0,"7":0},"b":{"0":[0,0],"1":[0,0],"2":[0,0],"3":[0,0]},"_coverageSchema":"1a1c01bbd47fc00a2c39e90264f33305004495a9","hash":"4946f2ddfcf6d643cec9cfc42b8d412eb3332bc4"}
,"C:\\Users\\Юля\\Desktop\\space\\fullstack\\test-admin\\client\\src\\Components\\Header.js": {"path":"C:\\Users\\Юля\\Desktop\\space\\fullstack\\test-admin\\client\\src\\Components\\Header.js","statementMap":{"0":{"start":{"line":7,"column":15},"end":{"line":53,"column":1}},"1":{"start":{"line":8,"column":15},"end":{"line":8,"column":49}},"2":{"start":{"line":8,"column":38},"end":{"line":8,"column":48}},"3":{"start":{"line":9,"column":19},"end":{"line":9,"column":32}},"4":{"start":{"line":11,"column":2},"end":{"line":52,"column":4}},"5":{"start":{"line":44,"column":12},"end":{"line":44,"column":41}},"6":{"start":{"line":45,"column":12},"end":{"line":45,"column":47}}},"fnMap":{"0":{"name":"(anonymous_0)","decl":{"start":{"line":7,"column":15},"end":{"line":7,"column":16}},"loc":{"start":{"line":7,"column":21},"end":{"line":53,"column":1}},"line":7},"1":{"name":"(anonymous_1)","decl":{"start":{"line":8,"column":27},"end":{"line":8,"column":28}},"loc":{"start":{"line":8,"column":38},"end":{"line":8,"column":48}},"line":8},"2":{"name":"(anonymous_2)","decl":{"start":{"line":43,"column":19},"end":{"line":43,"column":20}},"loc":{"start":{"line":43,"column":25},"end":{"line":46,"column":11}},"line":43}},"branchMap":{"0":{"loc":{"start":{"line":16,"column":17},"end":{"line":16,"column":72}},"type":"cond-expr","locations":[{"start":{"line":16,"column":33},"end":{"line":16,"column":50}},{"start":{"line":16,"column":53},"end":{"line":16,"column":72}}],"line":16},"1":{"loc":{"start":{"line":28,"column":9},"end":{"line":39,"column":9}},"type":"binary-expr","locations":[{"start":{"line":28,"column":9},"end":{"line":28,"column":21}},{"start":{"line":29,"column":10},"end":{"line":38,"column":13}}],"line":28}},"s":{"0":1,"1":3,"2":0,"3":0,"4":0,"5":0,"6":0},"f":{"0":3,"1":0,"2":0},"b":{"0":[0,0],"1":[0,0]},"_coverageSchema":"1a1c01bbd47fc00a2c39e90264f33305004495a9","hash":"72491607f39ed88d280ca9449cb7b5f308b5a11b"}
,"C:\\Users\\Юля\\Desktop\\space\\fullstack\\test-admin\\client\\src\\Components\\ModalComponent.js": {"path":"C:\\Users\\Юля\\Desktop\\space\\fullstack\\test-admin\\client\\src\\Components\\ModalComponent.js","statementMap":{"0":{"start":{"line":14,"column":23},"end":{"line":105,"column":1}},"1":{"start":{"line":15,"column":15},"end":{"line":15,"column":49}},"2":{"start":{"line":15,"column":38},"end":{"line":15,"column":48}},"3":{"start":{"line":16,"column":19},"end":{"line":16,"column":32}},"4":{"start":{"line":17,"column":34},"end":{"line":17,"column":66}},"5":{"start":{"line":18,"column":28},"end":{"line":18,"column":38}},"6":{"start":{"line":20,"column":2},"end":{"line":104,"column":4}},"7":{"start":{"line":21,"column":38},"end":{"line":21,"column":52}},"8":{"start":{"line":31,"column":29},"end":{"line":31,"column":79}},"9":{"start":{"line":41,"column":22},"end":{"line":41,"column":75}},"10":{"start":{"line":42,"column":22},"end":{"line":42,"column":39}},"11":{"start":{"line":54,"column":22},"end":{"line":54,"column":75}},"12":{"start":{"line":55,"column":22},"end":{"line":55,"column":41}},"13":{"start":{"line":72,"column":14},"end":{"line":72,"column":69}},"14":{"start":{"line":82,"column":29},"end":{"line":82,"column":79}},"15":{"start":{"line":89,"column":16},"end":{"line":91,"column":60}},"16":{"start":{"line":92,"column":16},"end":{"line":92,"column":31}},"17":{"start":{"line":97,"column":61},"end":{"line":97,"column":75}}},"fnMap":{"0":{"name":"(anonymous_0)","decl":{"start":{"line":14,"column":23},"end":{"line":14,"column":24}},"loc":{"start":{"line":14,"column":55},"end":{"line":105,"column":1}},"line":14},"1":{"name":"(anonymous_1)","decl":{"start":{"line":15,"column":27},"end":{"line":15,"column":28}},"loc":{"start":{"line":15,"column":38},"end":{"line":15,"column":48}},"line":15},"2":{"name":"(anonymous_2)","decl":{"start":{"line":21,"column":32},"end":{"line":21,"column":33}},"loc":{"start":{"line":21,"column":38},"end":{"line":21,"column":52}},"line":21},"3":{"name":"(anonymous_3)","decl":{"start":{"line":31,"column":22},"end":{"line":31,"column":23}},"loc":{"start":{"line":31,"column":29},"end":{"line":31,"column":79}},"line":31},"4":{"name":"(anonymous_4)","decl":{"start":{"line":40,"column":30},"end":{"line":40,"column":31}},"loc":{"start":{"line":40,"column":37},"end":{"line":43,"column":21}},"line":40},"5":{"name":"(anonymous_5)","decl":{"start":{"line":53,"column":30},"end":{"line":53,"column":31}},"loc":{"start":{"line":53,"column":37},"end":{"line":56,"column":21}},"line":53},"6":{"name":"(anonymous_6)","decl":{"start":{"line":71,"column":22},"end":{"line":71,"column":23}},"loc":{"start":{"line":72,"column":14},"end":{"line":72,"column":69}},"line":72},"7":{"name":"(anonymous_7)","decl":{"start":{"line":82,"column":22},"end":{"line":82,"column":23}},"loc":{"start":{"line":82,"column":29},"end":{"line":82,"column":79}},"line":82},"8":{"name":"(anonymous_8)","decl":{"start":{"line":88,"column":23},"end":{"line":88,"column":24}},"loc":{"start":{"line":88,"column":29},"end":{"line":93,"column":15}},"line":88},"9":{"name":"(anonymous_9)","decl":{"start":{"line":97,"column":55},"end":{"line":97,"column":56}},"loc":{"start":{"line":97,"column":61},"end":{"line":97,"column":75}},"line":97}},"branchMap":{"0":{"loc":{"start":{"line":17,"column":43},"end":{"line":17,"column":65}},"type":"cond-expr","locations":[{"start":{"line":17,"column":53},"end":{"line":17,"column":60}},{"start":{"line":17,"column":63},"end":{"line":17,"column":65}}],"line":17},"1":{"loc":{"start":{"line":89,"column":16},"end":{"line":91,"column":59}},"type":"cond-expr","locations":[{"start":{"line":90,"column":20},"end":{"line":90,"column":66}},{"start":{"line":91,"column":20},"end":{"line":91,"column":59}}],"line":89}},"s":{"0":3,"1":2,"2":0,"3":0,"4":0,"5":0,"6":0,"7":0,"8":0,"9":0,"10":0,"11":0,"12":0,"13":0,"14":0,"15":0,"16":0,"17":0},"f":{"0":2,"1":0,"2":0,"3":0,"4":0,"5":0,"6":0,"7":0,"8":0,"9":0},"b":{"0":[0,0],"1":[0,0]},"_coverageSchema":"1a1c01bbd47fc00a2c39e90264f33305004495a9","hash":"bc4ace96d6211e02157954605bdad4ec1c5a654e"}
,"C:\\Users\\Юля\\Desktop\\space\\fullstack\\test-admin\\client\\src\\Components\\Profiles.js": {"path":"C:\\Users\\Юля\\Desktop\\space\\fullstack\\test-admin\\client\\src\\Components\\Profiles.js","statementMap":{"0":{"start":{"line":10,"column":17},"end":{"line":41,"column":1}},"1":{"start":{"line":11,"column":19},"end":{"line":11,"column":32}},"2":{"start":{"line":12,"column":15},"end":{"line":12,"column":49}},"3":{"start":{"line":12,"column":38},"end":{"line":12,"column":48}},"4":{"start":{"line":13,"column":28},"end":{"line":13,"column":43}},"5":{"start":{"line":15,"column":2},"end":{"line":17,"column":9}},"6":{"start":{"line":16,"column":4},"end":{"line":16,"column":25}},"7":{"start":{"line":19,"column":2},"end":{"line":40,"column":4}},"8":{"start":{"line":24,"column":10},"end":{"line":24,"column":44}},"9":{"start":{"line":30,"column":14},"end":{"line":30,"column":31}}},"fnMap":{"0":{"name":"(anonymous_0)","decl":{"start":{"line":10,"column":17},"end":{"line":10,"column":18}},"loc":{"start":{"line":10,"column":23},"end":{"line":41,"column":1}},"line":10},"1":{"name":"(anonymous_1)","decl":{"start":{"line":12,"column":27},"end":{"line":12,"column":28}},"loc":{"start":{"line":12,"column":38},"end":{"line":12,"column":48}},"line":12},"2":{"name":"(anonymous_2)","decl":{"start":{"line":15,"column":12},"end":{"line":15,"column":13}},"loc":{"start":{"line":15,"column":18},"end":{"line":17,"column":3}},"line":15},"3":{"name":"(anonymous_3)","decl":{"start":{"line":23,"column":28},"end":{"line":23,"column":29}},"loc":{"start":{"line":24,"column":10},"end":{"line":24,"column":44}},"line":24},"4":{"name":"(anonymous_4)","decl":{"start":{"line":29,"column":21},"end":{"line":29,"column":22}},"loc":{"start":{"line":29,"column":27},"end":{"line":31,"column":13}},"line":29}},"branchMap":{"0":{"loc":{"start":{"line":35,"column":11},"end":{"line":35,"column":70}},"type":"binary-expr","locations":[{"start":{"line":35,"column":11},"end":{"line":35,"column":16}},{"start":{"line":35,"column":20},"end":{"line":35,"column":70}}],"line":35},"1":{"loc":{"start":{"line":38,"column":7},"end":{"line":38,"column":40}},"type":"binary-expr","locations":[{"start":{"line":38,"column":7},"end":{"line":38,"column":12}},{"start":{"line":38,"column":16},"end":{"line":38,"column":40}}],"line":38}},"s":{"0":1,"1":3,"2":0,"3":0,"4":0,"5":0,"6":0,"7":0,"8":0,"9":0},"f":{"0":3,"1":0,"2":0,"3":0,"4":0},"b":{"0":[0,0],"1":[0,0]},"_coverageSchema":"1a1c01bbd47fc00a2c39e90264f33305004495a9","hash":"68838979c1e28e08be45aa5feaebc9a5cb9722f7"}
,"C:\\Users\\Юля\\Desktop\\space\\fullstack\\test-admin\\client\\src\\Components\\SingIn.js": {"path":"C:\\Users\\Юля\\Desktop\\space\\fullstack\\test-admin\\client\\src\\Components\\SingIn.js","statementMap":{"0":{"start":{"line":8,"column":15},"end":{"line":54,"column":1}},"1":{"start":{"line":9,"column":15},"end":{"line":9,"column":49}},"2":{"start":{"line":9,"column":38},"end":{"line":9,"column":48}},"3":{"start":{"line":10,"column":19},"end":{"line":10,"column":32}},"4":{"start":{"line":12,"column":34},"end":{"line":12,"column":46}},"5":{"start":{"line":14,"column":2},"end":{"line":14,"column":34}},"6":{"start":{"line":16,"column":2},"end":{"line":53,"column":4}},"7":{"start":{"line":29,"column":25},"end":{"line":29,"column":76}},"8":{"start":{"line":39,"column":25},"end":{"line":39,"column":79}},"9":{"start":{"line":42,"column":29},"end":{"line":42,"column":60}}},"fnMap":{"0":{"name":"(anonymous_0)","decl":{"start":{"line":8,"column":15},"end":{"line":8,"column":16}},"loc":{"start":{"line":8,"column":21},"end":{"line":54,"column":1}},"line":8},"1":{"name":"(anonymous_1)","decl":{"start":{"line":9,"column":27},"end":{"line":9,"column":28}},"loc":{"start":{"line":9,"column":38},"end":{"line":9,"column":48}},"line":9},"2":{"name":"(anonymous_2)","decl":{"start":{"line":14,"column":12},"end":{"line":14,"column":13}},"loc":{"start":{"line":14,"column":18},"end":{"line":14,"column":20}},"line":14},"3":{"name":"(anonymous_3)","decl":{"start":{"line":29,"column":18},"end":{"line":29,"column":19}},"loc":{"start":{"line":29,"column":25},"end":{"line":29,"column":76}},"line":29},"4":{"name":"(anonymous_4)","decl":{"start":{"line":39,"column":18},"end":{"line":39,"column":19}},"loc":{"start":{"line":39,"column":25},"end":{"line":39,"column":79}},"line":39},"5":{"name":"(anonymous_5)","decl":{"start":{"line":42,"column":23},"end":{"line":42,"column":24}},"loc":{"start":{"line":42,"column":29},"end":{"line":42,"column":60}},"line":42}},"branchMap":{"0":{"loc":{"start":{"line":51,"column":7},"end":{"line":51,"column":42}},"type":"binary-expr","locations":[{"start":{"line":51,"column":7},"end":{"line":51,"column":11}},{"start":{"line":51,"column":15},"end":{"line":51,"column":42}}],"line":51}},"s":{"0":1,"1":3,"2":0,"3":0,"4":0,"5":0,"6":0,"7":0,"8":0,"9":0},"f":{"0":3,"1":0,"2":0,"3":0,"4":0,"5":0},"b":{"0":[0,0]},"_coverageSchema":"1a1c01bbd47fc00a2c39e90264f33305004495a9","hash":"bcfb213cd4f56ae302fd5031e36a74de59b10f7d"}
,"C:\\Users\\Юля\\Desktop\\space\\fullstack\\test-admin\\client\\src\\Components\\Users.js": {"path":"C:\\Users\\Юля\\Desktop\\space\\fullstack\\test-admin\\client\\src\\Components\\Users.js","statementMap":{"0":{"start":{"line":7,"column":14},"end":{"line":22,"column":1}},"1":{"start":{"line":8,"column":16},"end":{"line":8,"column":51}},"2":{"start":{"line":8,"column":39},"end":{"line":8,"column":50}},"3":{"start":{"line":9,"column":15},"end":{"line":9,"column":49}},"4":{"start":{"line":9,"column":38},"end":{"line":9,"column":48}},"5":{"start":{"line":11,"column":2},"end":{"line":21,"column":4}},"6":{"start":{"line":16,"column":10},"end":{"line":16,"column":44}}},"fnMap":{"0":{"name":"(anonymous_0)","decl":{"start":{"line":7,"column":14},"end":{"line":7,"column":15}},"loc":{"start":{"line":7,"column":20},"end":{"line":22,"column":1}},"line":7},"1":{"name":"(anonymous_1)","decl":{"start":{"line":8,"column":28},"end":{"line":8,"column":29}},"loc":{"start":{"line":8,"column":39},"end":{"line":8,"column":50}},"line":8},"2":{"name":"(anonymous_2)","decl":{"start":{"line":9,"column":27},"end":{"line":9,"column":28}},"loc":{"start":{"line":9,"column":38},"end":{"line":9,"column":48}},"line":9},"3":{"name":"(anonymous_3)","decl":{"start":{"line":15,"column":20},"end":{"line":15,"column":21}},"loc":{"start":{"line":16,"column":10},"end":{"line":16,"column":44}},"line":16}},"branchMap":{"0":{"loc":{"start":{"line":19,"column":7},"end":{"line":19,"column":40}},"type":"binary-expr","locations":[{"start":{"line":19,"column":7},"end":{"line":19,"column":12}},{"start":{"line":19,"column":16},"end":{"line":19,"column":40}}],"line":19}},"s":{"0":1,"1":3,"2":0,"3":0,"4":0,"5":0,"6":0},"f":{"0":3,"1":0,"2":0,"3":0},"b":{"0":[0,0]},"_coverageSchema":"1a1c01bbd47fc00a2c39e90264f33305004495a9","hash":"34faa8a27df42261c7f2f2272affa3fc81ffa6e2"}
,"C:\\Users\\Юля\\Desktop\\space\\fullstack\\test-admin\\client\\src\\Components\\Cards\\CardEdit.js": {"path":"C:\\Users\\Юля\\Desktop\\space\\fullstack\\test-admin\\client\\src\\Components\\Cards\\CardEdit.js","statementMap":{"0":{"start":{"line":8,"column":17},"end":{"line":55,"column":1}},"1":{"start":{"line":9,"column":15},"end":{"line":9,"column":49}},"2":{"start":{"line":9,"column":38},"end":{"line":9,"column":48}},"3":{"start":{"line":10,"column":19},"end":{"line":10,"column":32}},"4":{"start":{"line":11,"column":28},"end":{"line":11,"column":43}},"5":{"start":{"line":13,"column":2},"end":{"line":54,"column":4}},"6":{"start":{"line":27,"column":14},"end":{"line":27,"column":31}},"7":{"start":{"line":37,"column":27},"end":{"line":37,"column":77}}},"fnMap":{"0":{"name":"(anonymous_0)","decl":{"start":{"line":8,"column":17},"end":{"line":8,"column":18}},"loc":{"start":{"line":8,"column":41},"end":{"line":55,"column":1}},"line":8},"1":{"name":"(anonymous_1)","decl":{"start":{"line":9,"column":27},"end":{"line":9,"column":28}},"loc":{"start":{"line":9,"column":38},"end":{"line":9,"column":48}},"line":9},"2":{"name":"(anonymous_2)","decl":{"start":{"line":26,"column":21},"end":{"line":26,"column":22}},"loc":{"start":{"line":26,"column":27},"end":{"line":28,"column":13}},"line":26},"3":{"name":"(anonymous_3)","decl":{"start":{"line":37,"column":21},"end":{"line":37,"column":22}},"loc":{"start":{"line":37,"column":27},"end":{"line":37,"column":77}},"line":37}},"branchMap":{"0":{"loc":{"start":{"line":46,"column":7},"end":{"line":52,"column":7}},"type":"binary-expr","locations":[{"start":{"line":46,"column":7},"end":{"line":46,"column":12}},{"start":{"line":47,"column":8},"end":{"line":51,"column":10}}],"line":46}},"s":{"0":2,"1":2,"2":0,"3":0,"4":0,"5":0,"6":0,"7":0},"f":{"0":2,"1":0,"2":0,"3":0},"b":{"0":[0,0]},"_coverageSchema":"1a1c01bbd47fc00a2c39e90264f33305004495a9","hash":"46fb3dee1599e70d7411bb7dc3de09b8ec56b6ba"}
,"C:\\Users\\Юля\\Desktop\\space\\fullstack\\test-admin\\client\\src\\Components\\Cards\\CardUsers.js": {"path":"C:\\Users\\Юля\\Desktop\\space\\fullstack\\test-admin\\client\\src\\Components\\Cards\\CardUsers.js","statementMap":{"0":{"start":{"line":4,"column":18},"end":{"line":14,"column":1}},"1":{"start":{"line":5,"column":2},"end":{"line":13,"column":4}}},"fnMap":{"0":{"name":"(anonymous_0)","decl":{"start":{"line":4,"column":18},"end":{"line":4,"column":19}},"loc":{"start":{"line":4,"column":41},"end":{"line":14,"column":1}},"line":4}},"branchMap":{},"s":{"0":2,"1":2},"f":{"0":2},"b":{},"_coverageSchema":"1a1c01bbd47fc00a2c39e90264f33305004495a9","hash":"8c44c0d7769f5245ed5d6374f346cf270eafe267"}
,"C:\\Users\\Юля\\Desktop\\space\\fullstack\\test-admin\\client\\src\\reducers\\index.js": {"path":"C:\\Users\\Юля\\Desktop\\space\\fullstack\\test-admin\\client\\src\\reducers\\index.js","statementMap":{"0":{"start":{"line":6,"column":20},"end":{"line":9,"column":2}}},"fnMap":{},"branchMap":{},"s":{"0":0},"f":{},"b":{}}
,"C:\\Users\\Юля\\Desktop\\space\\fullstack\\test-admin\\client\\src\\reducers\\user.js": {"path":"C:\\Users\\Юля\\Desktop\\space\\fullstack\\test-admin\\client\\src\\reducers\\user.js","statementMap":{"0":{"start":{"line":1,"column":20},"end":{"line":10,"column":1}},"1":{"start":{"line":2,"column":2},"end":{"line":9,"column":3}},"2":{"start":{"line":4,"column":6},"end":{"line":4,"column":28}},"3":{"start":{"line":6,"column":6},"end":{"line":6,"column":18}},"4":{"start":{"line":8,"column":6},"end":{"line":8,"column":18}}},"fnMap":{"0":{"name":"(anonymous_0)","decl":{"start":{"line":1,"column":20},"end":{"line":1,"column":21}},"loc":{"start":{"line":1,"column":45},"end":{"line":10,"column":1}},"line":1}},"branchMap":{"0":{"loc":{"start":{"line":1,"column":21},"end":{"line":1,"column":32}},"type":"default-arg","locations":[{"start":{"line":1,"column":28},"end":{"line":1,"column":32}}],"line":1},"1":{"loc":{"start":{"line":2,"column":2},"end":{"line":9,"column":3}},"type":"switch","locations":[{"start":{"line":3,"column":4},"end":{"line":4,"column":28}},{"start":{"line":5,"column":4},"end":{"line":6,"column":18}},{"start":{"line":7,"column":4},"end":{"line":8,"column":18}}],"line":2}},"s":{"0":0,"1":0,"2":0,"3":0,"4":0},"f":{"0":0},"b":{"0":[0],"1":[0,0,0]}}
,"C:\\Users\\Юля\\Desktop\\space\\fullstack\\test-admin\\client\\src\\reducers\\users.js": {"path":"C:\\Users\\Юля\\Desktop\\space\\fullstack\\test-admin\\client\\src\\reducers\\users.js","statementMap":{"0":{"start":{"line":1,"column":21},"end":{"line":8,"column":1}},"1":{"start":{"line":2,"column":2},"end":{"line":7,"column":3}},"2":{"start":{"line":4,"column":6},"end":{"line":4,"column":28}},"3":{"start":{"line":6,"column":6},"end":{"line":6,"column":19}}},"fnMap":{"0":{"name":"(anonymous_0)","decl":{"start":{"line":1,"column":21},"end":{"line":1,"column":22}},"loc":{"start":{"line":1,"column":47},"end":{"line":8,"column":1}},"line":1}},"branchMap":{"0":{"loc":{"start":{"line":1,"column":22},"end":{"line":1,"column":34}},"type":"default-arg","locations":[{"start":{"line":1,"column":30},"end":{"line":1,"column":34}}],"line":1},"1":{"loc":{"start":{"line":2,"column":2},"end":{"line":7,"column":3}},"type":"switch","locations":[{"start":{"line":3,"column":4},"end":{"line":4,"column":28}},{"start":{"line":5,"column":4},"end":{"line":6,"column":19}}],"line":2}},"s":{"0":0,"1":0,"2":0,"3":0},"f":{"0":0},"b":{"0":[0],"1":[0,0]}}
}
