<?xml version="1.0" encoding="UTF-8"?>
<coverage generated="1639046912227" clover="3.2.0">
  <project timestamp="1639046912227" name="All files">
    <metrics statements="75" coveredstatements="59" conditionals="20" coveredconditionals="5" methods="13" coveredmethods="9" elements="108" coveredelements="73" complexity="0" loc="75" ncloc="75" packages="3" files="3" classes="3"/>
    <package name="test-admin">
      <metrics statements="18" coveredstatements="16" conditionals="2" coveredconditionals="1" methods="3" coveredmethods="1"/>
      <file name="index.js" path="C:\Users\Юля\Desktop\space\fullstack\test-admin\index.js">
        <metrics statements="18" coveredstatements="16" conditionals="2" coveredconditionals="1" methods="3" coveredmethods="1"/>
        <line num="1" count="8" type="stmt"/>
        <line num="2" count="8" type="stmt"/>
        <line num="4" count="8" type="stmt"/>
        <line num="5" count="8" type="stmt"/>
        <line num="7" count="8" type="stmt"/>
        <line num="9" count="8" type="stmt"/>
        <line num="11" count="8" type="stmt"/>
        <line num="13" count="8" type="stmt"/>
        <line num="14" count="8" type="stmt"/>
        <line num="15" count="8" type="stmt"/>
        <line num="16" count="8" type="stmt"/>
        <line num="17" count="8" type="stmt"/>
        <line num="18" count="8" type="stmt"/>
        <line num="21" count="6" type="cond" truecount="1" falsecount="1"/>
        <line num="22" count="0" type="stmt"/>
        <line num="25" count="0" type="stmt"/>
        <line num="28" count="8" type="stmt"/>
        <line num="30" count="8" type="stmt"/>
      </file>
    </package>
    <package name="test-admin.models">
      <metrics statements="5" coveredstatements="5" conditionals="0" coveredconditionals="0" methods="0" coveredmethods="0"/>
      <file name="User.js" path="C:\Users\Юля\Desktop\space\fullstack\test-admin\models\User.js">
        <metrics statements="5" coveredstatements="5" conditionals="0" coveredconditionals="0" methods="0" coveredmethods="0"/>
        <line num="1" count="8" type="stmt"/>
        <line num="2" count="8" type="stmt"/>
        <line num="4" count="8" type="stmt"/>
        <line num="6" count="8" type="stmt"/>
        <line num="14" count="8" type="stmt"/>
      </file>
    </package>
    <package name="test-admin.routers">
      <metrics statements="52" coveredstatements="38" conditionals="18" coveredconditionals="4" methods="10" coveredmethods="8"/>
      <file name="router.js" path="C:\Users\Юля\Desktop\space\fullstack\test-admin\routers\router.js">
        <metrics statements="52" coveredstatements="38" conditionals="18" coveredconditionals="4" methods="10" coveredmethods="8"/>
        <line num="2" count="8" type="stmt"/>
        <line num="3" count="8" type="stmt"/>
        <line num="5" count="8" type="stmt"/>
        <line num="8" count="8" type="stmt"/>
        <line num="9" count="1" type="stmt"/>
        <line num="11" count="1" type="stmt"/>
        <line num="19" count="1" type="stmt"/>
        <line num="21" count="1" type="stmt"/>
        <line num="23" count="1" type="stmt"/>
        <line num="28" count="8" type="stmt"/>
        <line num="29" count="1" type="stmt"/>
        <line num="31" count="1" type="stmt"/>
        <line num="33" count="1" type="cond" truecount="2" falsecount="2"/>
        <line num="40" count="8" type="stmt"/>
        <line num="41" count="1" type="stmt"/>
        <line num="43" count="1" type="cond" truecount="1" falsecount="1"/>
        <line num="50" count="8" type="stmt"/>
        <line num="51" count="1" type="stmt"/>
        <line num="52" count="1" type="stmt"/>
        <line num="53" count="1" type="stmt"/>
        <line num="64" count="0" type="stmt"/>
        <line num="65" count="0" type="cond" truecount="0" falsecount="2"/>
        <line num="72" count="8" type="stmt"/>
        <line num="73" count="1" type="stmt"/>
        <line num="75" count="1" type="stmt"/>
        <line num="76" count="1" type="stmt"/>
        <line num="77" count="1" type="stmt"/>
        <line num="78" count="0" type="stmt"/>
        <line num="80" count="0" type="stmt"/>
        <line num="81" count="0" type="stmt"/>
        <line num="83" count="0" type="stmt"/>
        <line num="94" count="0" type="stmt"/>
        <line num="95" count="0" type="cond" truecount="0" falsecount="2"/>
        <line num="102" count="8" type="stmt"/>
        <line num="103" count="1" type="stmt"/>
        <line num="105" count="1" type="stmt"/>
        <line num="107" count="1" type="stmt"/>
        <line num="112" count="0" type="stmt"/>
        <line num="120" count="0" type="stmt"/>
        <line num="121" count="0" type="cond" truecount="0" falsecount="2"/>
        <line num="128" count="8" type="stmt"/>
        <line num="129" count="1" type="stmt"/>
        <line num="131" count="1" type="stmt"/>
        <line num="133" count="0" type="stmt"/>
        <line num="150" count="0" type="stmt"/>
        <line num="151" count="0" type="cond" truecount="0" falsecount="2"/>
        <line num="157" count="8" type="stmt"/>
        <line num="158" count="1" type="stmt"/>
        <line num="160" count="1" type="stmt"/>
        <line num="162" count="1" type="stmt"/>
        <line num="164" count="1" type="cond" truecount="1" falsecount="1"/>
        <line num="169" count="8" type="stmt"/>
      </file>
    </package>
  </project>
</coverage>
