{"C:\\Users\\Юля\\Desktop\\space\\fullstack\\test-admin\\index.js": {"path":"C:\\Users\\Юля\\Desktop\\space\\fullstack\\test-admin\\index.js","statementMap":{"0":{"start":{"line":1,"column":0},"end":{"line":1,"column":49}},"1":{"start":{"line":2,"column":0},"end":{"line":2,"column":49}},"2":{"start":{"line":4,"column":16},"end":{"line":4,"column":34}},"3":{"start":{"line":5,"column":17},"end":{"line":5,"column":36}},"4":{"start":{"line":7,"column":15},"end":{"line":7,"column":42}},"5":{"start":{"line":9,"column":13},"end":{"line":9,"column":17}},"6":{"start":{"line":11,"column":12},"end":{"line":11,"column":21}},"7":{"start":{"line":13,"column":0},"end":{"line":13,"column":43}},"8":{"start":{"line":14,"column":0},"end":{"line":14,"column":59}},"9":{"start":{"line":14,"column":31},"end":{"line":14,"column":57}},"10":{"start":{"line":15,"column":0},"end":{"line":15,"column":21}},"11":{"start":{"line":16,"column":14},"end":{"line":27,"column":1}},"12":{"start":{"line":17,"column":2},"end":{"line":26,"column":3}},"13":{"start":{"line":18,"column":4},"end":{"line":20,"column":6}},"14":{"start":{"line":21,"column":4},"end":{"line":23,"column":5}},"15":{"start":{"line":22,"column":6},"end":{"line":22,"column":77}},"16":{"start":{"line":22,"column":29},"end":{"line":22,"column":75}},"17":{"start":{"line":25,"column":4},"end":{"line":25,"column":19}},"18":{"start":{"line":28,"column":0},"end":{"line":28,"column":8}},"19":{"start":{"line":30,"column":0},"end":{"line":30,"column":25}}},"fnMap":{"0":{"name":"(anonymous_0)","decl":{"start":{"line":14,"column":17},"end":{"line":14,"column":18}},"loc":{"start":{"line":14,"column":31},"end":{"line":14,"column":57}},"line":14},"1":{"name":"(anonymous_1)","decl":{"start":{"line":16,"column":14},"end":{"line":16,"column":15}},"loc":{"start":{"line":16,"column":26},"end":{"line":27,"column":1}},"line":16},"2":{"name":"(anonymous_2)","decl":{"start":{"line":22,"column":23},"end":{"line":22,"column":24}},"loc":{"start":{"line":22,"column":29},"end":{"line":22,"column":75}},"line":22}},"branchMap":{"0":{"loc":{"start":{"line":21,"column":4},"end":{"line":23,"column":5}},"type":"if","locations":[{"start":{"line":21,"column":4},"end":{"line":23,"column":5}},{"start":{},"end":{}}],"line":21}},"s":{"0":8,"1":8,"2":8,"3":8,"4":8,"5":8,"6":8,"7":8,"8":8,"9":0,"10":8,"11":8,"12":8,"13":8,"14":6,"15":0,"16":0,"17":0,"18":8,"19":8},"f":{"0":0,"1":8,"2":0},"b":{"0":[0,6]},"_coverageSchema":"1a1c01bbd47fc00a2c39e90264f33305004495a9","hash":"76b4fdd2808c728d35bd6930e54461970489f55b"}
,"C:\\Users\\Юля\\Desktop\\space\\fullstack\\test-admin\\models\\User.js": {"path":"C:\\Users\\Юля\\Desktop\\space\\fullstack\\test-admin\\models\\User.js","statementMap":{"0":{"start":{"line":1,"column":0},"end":{"line":1,"column":49}},"1":{"start":{"line":2,"column":0},"end":{"line":2,"column":49}},"2":{"start":{"line":4,"column":26},"end":{"line":4,"column":45}},"3":{"start":{"line":6,"column":13},"end":{"line":12,"column":2}},"4":{"start":{"line":14,"column":0},"end":{"line":14,"column":37}}},"fnMap":{},"branchMap":{},"s":{"0":8,"1":8,"2":8,"3":8,"4":8},"f":{},"b":{},"_coverageSchema":"1a1c01bbd47fc00a2c39e90264f33305004495a9","hash":"ebe19400adc68e1fce94ba3c8a65af0b0713c05f"}
,"C:\\Users\\Юля\\Desktop\\space\\fullstack\\test-admin\\routers\\router.js": {"path":"C:\\Users\\Юля\\Desktop\\space\\fullstack\\test-admin\\routers\\router.js","statementMap":{"0":{"start":{"line":2,"column":19},"end":{"line":2,"column":37}},"1":{"start":{"line":3,"column":15},"end":{"line":3,"column":23}},"2":{"start":{"line":5,"column":13},"end":{"line":5,"column":38}},"3":{"start":{"line":8,"column":0},"end":{"line":24,"column":3}},"4":{"start":{"line":9,"column":45},"end":{"line":9,"column":53}},"5":{"start":{"line":11,"column":15},"end":{"line":17,"column":4}},"6":{"start":{"line":19,"column":2},"end":{"line":19,"column":20}},"7":{"start":{"line":21,"column":22},"end":{"line":21,"column":64}},"8":{"start":{"line":23,"column":2},"end":{"line":23,"column":40}},"9":{"start":{"line":28,"column":0},"end":{"line":36,"column":3}},"10":{"start":{"line":29,"column":30},"end":{"line":29,"column":38}},"11":{"start":{"line":31,"column":22},"end":{"line":31,"column":65}},"12":{"start":{"line":33,"column":2},"end":{"line":35,"column":61}},"13":{"start":{"line":40,"column":0},"end":{"line":46,"column":3}},"14":{"start":{"line":41,"column":19},"end":{"line":41,"column":50}},"15":{"start":{"line":43,"column":2},"end":{"line":45,"column":59}},"16":{"start":{"line":50,"column":0},"end":{"line":68,"column":3}},"17":{"start":{"line":51,"column":28},"end":{"line":51,"column":36}},"18":{"start":{"line":52,"column":2},"end":{"line":52,"column":24}},"19":{"start":{"line":53,"column":2},"end":{"line":62,"column":12}},"20":{"start":{"line":64,"column":22},"end":{"line":64,"column":77}},"21":{"start":{"line":65,"column":2},"end":{"line":67,"column":60}},"22":{"start":{"line":72,"column":0},"end":{"line":98,"column":3}},"23":{"start":{"line":73,"column":38},"end":{"line":73,"column":46}},"24":{"start":{"line":75,"column":21},"end":{"line":75,"column":64}},"25":{"start":{"line":76,"column":2},"end":{"line":76,"column":26}},"26":{"start":{"line":77,"column":26},"end":{"line":79,"column":3}},"27":{"start":{"line":78,"column":17},"end":{"line":78,"column":41}},"28":{"start":{"line":80,"column":22},"end":{"line":80,"column":46}},"29":{"start":{"line":81,"column":2},"end":{"line":81,"column":50}},"30":{"start":{"line":83,"column":2},"end":{"line":92,"column":12}},"31":{"start":{"line":94,"column":22},"end":{"line":94,"column":65}},"32":{"start":{"line":95,"column":2},"end":{"line":97,"column":60}},"33":{"start":{"line":102,"column":0},"end":{"line":124,"column":3}},"34":{"start":{"line":103,"column":26},"end":{"line":103,"column":34}},"35":{"start":{"line":105,"column":21},"end":{"line":105,"column":64}},"36":{"start":{"line":107,"column":2},"end":{"line":118,"column":12}},"37":{"start":{"line":112,"column":23},"end":{"line":112,"column":44}},"38":{"start":{"line":120,"column":22},"end":{"line":120,"column":65}},"39":{"start":{"line":121,"column":2},"end":{"line":123,"column":60}},"40":{"start":{"line":128,"column":0},"end":{"line":154,"column":3}},"41":{"start":{"line":129,"column":28},"end":{"line":129,"column":36}},"42":{"start":{"line":131,"column":21},"end":{"line":131,"column":76}},"43":{"start":{"line":133,"column":2},"end":{"line":148,"column":12}},"44":{"start":{"line":150,"column":22},"end":{"line":150,"column":77}},"45":{"start":{"line":151,"column":2},"end":{"line":153,"column":60}},"46":{"start":{"line":157,"column":0},"end":{"line":167,"column":3}},"47":{"start":{"line":158,"column":20},"end":{"line":158,"column":28}},"48":{"start":{"line":160,"column":2},"end":{"line":160,"column":48}},"49":{"start":{"line":162,"column":19},"end":{"line":162,"column":50}},"50":{"start":{"line":164,"column":2},"end":{"line":166,"column":59}},"51":{"start":{"line":169,"column":0},"end":{"line":169,"column":24}}},"fnMap":{"0":{"name":"(anonymous_0)","decl":{"start":{"line":8,"column":29},"end":{"line":8,"column":30}},"loc":{"start":{"line":8,"column":49},"end":{"line":24,"column":1}},"line":8},"1":{"name":"(anonymous_1)","decl":{"start":{"line":28,"column":22},"end":{"line":28,"column":23}},"loc":{"start":{"line":28,"column":42},"end":{"line":36,"column":1}},"line":28},"2":{"name":"(anonymous_2)","decl":{"start":{"line":40,"column":21},"end":{"line":40,"column":22}},"loc":{"start":{"line":40,"column":41},"end":{"line":46,"column":1}},"line":40},"3":{"name":"(anonymous_3)","decl":{"start":{"line":50,"column":31},"end":{"line":50,"column":32}},"loc":{"start":{"line":50,"column":51},"end":{"line":68,"column":1}},"line":50},"4":{"name":"(anonymous_4)","decl":{"start":{"line":72,"column":29},"end":{"line":72,"column":30}},"loc":{"start":{"line":72,"column":49},"end":{"line":98,"column":1}},"line":72},"5":{"name":"(anonymous_5)","decl":{"start":{"line":78,"column":4},"end":{"line":78,"column":5}},"loc":{"start":{"line":78,"column":17},"end":{"line":78,"column":41}},"line":78},"6":{"name":"(anonymous_6)","decl":{"start":{"line":102,"column":32},"end":{"line":102,"column":33}},"loc":{"start":{"line":102,"column":52},"end":{"line":124,"column":1}},"line":102},"7":{"name":"(anonymous_7)","decl":{"start":{"line":112,"column":10},"end":{"line":112,"column":11}},"loc":{"start":{"line":112,"column":23},"end":{"line":112,"column":44}},"line":112},"8":{"name":"(anonymous_8)","decl":{"start":{"line":128,"column":26},"end":{"line":128,"column":27}},"loc":{"start":{"line":128,"column":46},"end":{"line":154,"column":1}},"line":128},"9":{"name":"(anonymous_9)","decl":{"start":{"line":157,"column":29},"end":{"line":157,"column":30}},"loc":{"start":{"line":157,"column":49},"end":{"line":167,"column":1}},"line":157}},"branchMap":{"0":{"loc":{"start":{"line":33,"column":2},"end":{"line":35,"column":60}},"type":"cond-expr","locations":[{"start":{"line":34,"column":6},"end":{"line":34,"column":43}},{"start":{"line":35,"column":6},"end":{"line":35,"column":60}}],"line":33},"1":{"loc":{"start":{"line":33,"column":2},"end":{"line":33,"column":50}},"type":"binary-expr","locations":[{"start":{"line":33,"column":2},"end":{"line":33,"column":13}},{"start":{"line":33,"column":17},"end":{"line":33,"column":50}}],"line":33},"2":{"loc":{"start":{"line":43,"column":2},"end":{"line":45,"column":58}},"type":"cond-expr","locations":[{"start":{"line":44,"column":6},"end":{"line":44,"column":40}},{"start":{"line":45,"column":6},"end":{"line":45,"column":58}}],"line":43},"3":{"loc":{"start":{"line":65,"column":2},"end":{"line":67,"column":59}},"type":"cond-expr","locations":[{"start":{"line":66,"column":6},"end":{"line":66,"column":43}},{"start":{"line":67,"column":6},"end":{"line":67,"column":59}}],"line":65},"4":{"loc":{"start":{"line":95,"column":2},"end":{"line":97,"column":59}},"type":"cond-expr","locations":[{"start":{"line":96,"column":6},"end":{"line":96,"column":43}},{"start":{"line":97,"column":6},"end":{"line":97,"column":59}}],"line":95},"5":{"loc":{"start":{"line":121,"column":2},"end":{"line":123,"column":59}},"type":"cond-expr","locations":[{"start":{"line":122,"column":6},"end":{"line":122,"column":43}},{"start":{"line":123,"column":6},"end":{"line":123,"column":59}}],"line":121},"6":{"loc":{"start":{"line":141,"column":18},"end":{"line":143,"column":19}},"type":"cond-expr","locations":[{"start":{"line":142,"column":12},"end":{"line":142,"column":45}},{"start":{"line":143,"column":12},"end":{"line":143,"column":19}}],"line":141},"7":{"loc":{"start":{"line":151,"column":2},"end":{"line":153,"column":59}},"type":"cond-expr","locations":[{"start":{"line":152,"column":6},"end":{"line":152,"column":43}},{"start":{"line":153,"column":6},"end":{"line":153,"column":59}}],"line":151},"8":{"loc":{"start":{"line":164,"column":2},"end":{"line":166,"column":58}},"type":"cond-expr","locations":[{"start":{"line":165,"column":6},"end":{"line":165,"column":40}},{"start":{"line":166,"column":6},"end":{"line":166,"column":58}}],"line":164}},"s":{"0":8,"1":8,"2":8,"3":8,"4":1,"5":1,"6":1,"7":1,"8":1,"9":8,"10":1,"11":1,"12":1,"13":8,"14":1,"15":1,"16":8,"17":1,"18":1,"19":1,"20":0,"21":0,"22":8,"23":1,"24":1,"25":1,"26":1,"27":0,"28":0,"29":0,"30":0,"31":0,"32":0,"33":8,"34":1,"35":1,"36":1,"37":0,"38":0,"39":0,"40":8,"41":1,"42":1,"43":0,"44":0,"45":0,"46":8,"47":1,"48":1,"49":1,"50":1,"51":8},"f":{"0":1,"1":1,"2":1,"3":1,"4":1,"5":0,"6":1,"7":0,"8":1,"9":1},"b":{"0":[0,1],"1":[1,0],"2":[1,0],"3":[0,0],"4":[0,0],"5":[0,0],"6":[0,0],"7":[0,0],"8":[1,0]},"_coverageSchema":"1a1c01bbd47fc00a2c39e90264f33305004495a9","hash":"8e2ad80aee6cfc8076594fca518b1146ec7204f3"}
}
