TN:
SF:index.js
FN:14,(anonymous_0)
FN:16,(anonymous_1)
FN:22,(anonymous_2)
FNF:3
FNH:1
FNDA:0,(anonymous_0)
FNDA:8,(anonymous_1)
FNDA:0,(anonymous_2)
DA:1,8
DA:2,8
DA:4,8
DA:5,8
DA:7,8
DA:9,8
DA:11,8
DA:13,8
DA:14,8
DA:15,8
DA:16,8
DA:17,8
DA:18,8
DA:21,6
DA:22,0
DA:25,0
DA:28,8
DA:30,8
LF:18
LH:16
BRDA:21,0,0,0
BRDA:21,0,1,6
BRF:2
BRH:1
end_of_record
TN:
SF:models\User.js
FNF:0
FNH:0
DA:1,8
DA:2,8
DA:4,8
DA:6,8
DA:14,8
LF:5
LH:5
BRF:0
BRH:0
end_of_record
TN:
SF:routers\router.js
FN:8,(anonymous_0)
FN:28,(anonymous_1)
FN:40,(anonymous_2)
FN:50,(anonymous_3)
FN:72,(anonymous_4)
FN:78,(anonymous_5)
FN:102,(anonymous_6)
FN:112,(anonymous_7)
FN:128,(anonymous_8)
FN:157,(anonymous_9)
FNF:10
FNH:8
FNDA:1,(anonymous_0)
FNDA:1,(anonymous_1)
FNDA:1,(anonymous_2)
FNDA:1,(anonymous_3)
FNDA:1,(anonymous_4)
FNDA:0,(anonymous_5)
FNDA:1,(anonymous_6)
FNDA:0,(anonymous_7)
FNDA:1,(anonymous_8)
FNDA:1,(anonymous_9)
DA:2,8
DA:3,8
DA:5,8
DA:8,8
DA:9,1
DA:11,1
DA:19,1
DA:21,1
DA:23,1
DA:28,8
DA:29,1
DA:31,1
DA:33,1
DA:40,8
DA:41,1
DA:43,1
DA:50,8
DA:51,1
DA:52,1
DA:53,1
DA:64,0
DA:65,0
DA:72,8
DA:73,1
DA:75,1
DA:76,1
DA:77,1
DA:78,0
DA:80,0
DA:81,0
DA:83,0
DA:94,0
DA:95,0
DA:102,8
DA:103,1
DA:105,1
DA:107,1
DA:112,0
DA:120,0
DA:121,0
DA:128,8
DA:129,1
DA:131,1
DA:133,0
DA:150,0
DA:151,0
DA:157,8
DA:158,1
DA:160,1
DA:162,1
DA:164,1
DA:169,8
LF:52
LH:38
BRDA:33,0,0,0
BRDA:33,0,1,1
BRDA:33,1,0,1
BRDA:33,1,1,0
BRDA:43,2,0,1
BRDA:43,2,1,0
BRDA:65,3,0,0
BRDA:65,3,1,0
BRDA:95,4,0,0
BRDA:95,4,1,0
BRDA:121,5,0,0
BRDA:121,5,1,0
BRDA:141,6,0,0
BRDA:141,6,1,0
BRDA:151,7,0,0
BRDA:151,7,1,0
BRDA:164,8,0,1
BRDA:164,8,1,0
BRF:18
BRH:4
end_of_record
